{
  "RSpec": {
    "coverage": {
      "/Users/Dmee/gSchool/projects/mastery_project/app/controllers/api/poems_controller.rb": [
        1,
        null,
        1,
        0,
        0,
        0,
        null,
        0,
        0,
        null,
        null,
        null,
        null,
        null,
        null,
        null,
        null,
        null,
        null,
        null,
        null,
        null,
        null,
        null,
        null,
        null,
        null,
        null,
        null,
        null,
        null,
        null
      ],
      "/Users/Dmee/gSchool/projects/mastery_project/app/controllers/application_controller.rb": [
        1,
        1,
        null,
        1,
        11,
        null,
        null,
        1,
        8,
        2,
        null,
        null,
        null,
        1,
        19,
        19,
        8,
        8,
        null,
        0,
        null,
        null,
        null,
        null,
        1,
        5,
        5,
        2,
        1,
        null,
        1,
        null,
        null,
        null,
        null,
        1,
        9,
        null,
        null,
        1,
        3,
        3,
        null,
        null,
        1,
        4,
        4,
        null,
        null
      ],
      "/Users/Dmee/gSchool/projects/mastery_project/app/helpers/application_helper.rb": [
        1,
        null
      ],
      "/Users/Dmee/gSchool/projects/mastery_project/app/helpers/sessions_helper.rb": [
        1,
        null
      ],
      "/Users/Dmee/gSchool/projects/mastery_project/app/helpers/users_helper.rb": [
        1,
        null
      ],
      "/Users/Dmee/gSchool/projects/mastery_project/app/models/poem.rb": [
        1,
        1,
        null,
        1,
        null,
        1,
        1,
        1,
        null,
        1,
        19,
        19,
        null,
        null,
        1,
        1,
        1,
        1,
        0,
        null,
        1,
        null,
        1,
        null,
        null,
        1,
        1,
        19,
        19,
        19,
        null,
        19,
        210,
        210,
        null,
        210,
        182,
        182,
        null,
        182,
        13,
        null,
        null,
        null,
        28,
        28,
        28,
        null,
        28,
        7,
        null,
        null,
        null,
        null,
        null,
        19,
        null,
        null
      ],
      "/Users/Dmee/gSchool/projects/mastery_project/app/controllers/api/words_controller.rb": [
        1,
        null,
        1,
        0,
        0,
        null,
        0,
        0,
        null,
        null,
        null
      ],
      "/Users/Dmee/gSchool/projects/mastery_project/app/models/word.rb": [
        1,
        1,
        null,
        1,
        null,
        1,
        1,
        null,
        1,
        1,
        null,
        1,
        213,
        null,
        null,
        1,
        49,
        null,
        null,
        1,
        2,
        2,
        1,
        null,
        1,
        null,
        null,
        null,
        1,
        null,
        null,
        null,
        null,
        224,
        null,
        null,
        null,
        1,
        4,
        3,
        null,
        1,
        null,
        null,
        null,
        1,
        1,
        500,
        null,
        1,
        null,
        null,
        1,
        1,
        1,
        500,
        0,
        0,
        null,
        500,
        null,
        null,
        null,
        null,
        1,
        501,
        501,
        null,
        null,
        1,
        4,
        3,
        null,
        1,
        null,
        null,
        null,
        1,
        1,
        52,
        null,
        1,
        null,
        null,
        1,
        1,
        1,
        1,
        1,
        52,
        0,
        null,
        52,
        null,
        null,
        null,
        1,
        null,
        null,
        1,
        1,
        1,
        1,
        null,
        1,
        1,
        null,
        1,
        0,
        null,
        1,
        0,
        null,
        1,
        null,
        null
      ],
      "/Users/Dmee/gSchool/projects/mastery_project/app/controllers/poems_controller.rb": [
        1,
        1,
        1,
        null,
        1,
        27,
        null,
        null,
        1,
        7,
        7,
        7,
        2,
        null,
        null,
        7,
        7,
        null,
        0,
        0,
        null,
        null,
        null,
        1,
        14,
        null,
        14,
        14,
        3,
        null,
        null,
        null,
        1,
        4,
        4,
        null,
        4,
        3,
        null,
        1,
        null,
        null,
        null,
        null,
        null,
        null,
        null,
        1,
        8,
        3,
        3,
        null,
        null,
        5,
        null,
        null,
        null,
        1,
        3,
        null,
        null
      ],
      "/Users/Dmee/gSchool/projects/mastery_project/app/controllers/sessions_controller.rb": [
        1,
        1,
        null,
        1,
        null,
        null,
        1,
        15,
        null,
        15,
        13,
        1,
        null,
        12,
        null,
        null,
        2,
        2,
        null,
        null,
        null,
        1,
        2,
        2,
        null,
        null
      ],
      "/Users/Dmee/gSchool/projects/mastery_project/app/controllers/users_controller.rb": [
        1,
        1,
        1,
        null,
        1,
        12,
        null,
        null,
        1,
        9,
        null,
        9,
        4,
        4,
        1,
        1,
        null,
        3,
        3,
        null,
        null,
        5,
        5,
        null,
        null,
        null,
        1,
        2,
        null,
        null,
        1,
        2,
        null,
        2,
        2,
        null,
        0,
        0,
        null,
        null,
        null,
        1,
        5,
        5,
        5,
        0,
        null,
        5,
        null,
        null,
        null
      ],
      "/Users/Dmee/gSchool/projects/mastery_project/app/models/user.rb": [
        1,
        1,
        1,
        null,
        1,
        null,
        1,
        null,
        1,
        1,
        1,
        null
      ],
      "/Users/Dmee/gSchool/projects/mastery_project/app/models/rhyming_relationship.rb": [
        1,
        null,
        1,
        1,
        null
      ],
      "/Users/Dmee/gSchool/projects/mastery_project/app/models/synonym_relationship.rb": [
        1,
        null,
        1,
        1,
        null
      ]
    },
    "timestamp": 1374802271
  }
}
